0 info it worked if it ends with ok
1 verbose cli [ 'C:\\Program Files\\nodejs\\node.exe',
1 verbose cli   'C:\\Program Files\\nodejs\\node_modules\\npm\\bin\\npm-cli.js',
1 verbose cli   'run',
1 verbose cli   'dev' ]
2 info using npm@3.10.8
3 info using node@v6.8.0
4 verbose run-script [ 'predev', 'dev', 'postdev' ]
5 info lifecycle sparxo-app-react@0.0.1~predev: sparxo-app-react@0.0.1
6 silly lifecycle sparxo-app-react@0.0.1~predev: no script for predev, continuing
7 info lifecycle sparxo-app-react@0.0.1~dev: sparxo-app-react@0.0.1
8 verbose lifecycle sparxo-app-react@0.0.1~dev: unsafe-perm in lifecycle true
9 verbose lifecycle sparxo-app-react@0.0.1~dev: PATH: C:\Users\Nothing\AppData\Roaming\nvm\v6.8.0\node_modules\npm\bin\node-gyp-bin;C:\Repos\SparxoShareMusic\web-server-v3\node_modules\.bin;C:\Python27\;C:\Python27\Scripts;C:\WINDOWS\system32;C:\WINDOWS;C:\WINDOWS\System32\Wbem;C:\WINDOWS\System32\WindowsPowerShell\v1.0\;C:\Program Files\Microsoft SQL Server\120\Tools\Binn\;C:\Program Files\Microsoft SQL Server\130\Tools\Binn\;C:\Program Files\Microsoft\Web Platform Installer\;"C:\Program Files (x86)\MSBuild\14.0\Bin";C:\Program Files\Git\cmd;C:\Program Files\TortoiseGit\bin;C:\Program Files\dotnet\;C:\Program Files\Intel\WiFi\bin\;C:\Program Files\Common Files\Intel\WirelessCommon\;C:\Users\Nothing\AppData\Roaming\nvm;C:\Program Files\nodejs;C:\Users\Nothing\AppData\Roaming\npm;C:\Program Files (x86)\Microsoft VS Code\bin;C:\Users\Nothing\AppData\Local\Microsoft\WindowsApps;C:\Program Files\Intel\WiFi\bin\;C:\Program Files\Common Files\Intel\WirelessCommon\;C:\Users\Nothing\AppData\Roaming\nvm;C:\Program Files\nodejs
10 verbose lifecycle sparxo-app-react@0.0.1~dev: CWD: C:\Repos\SparxoShareMusic\web-server-v3
11 silly lifecycle sparxo-app-react@0.0.1~dev: Args: [ '/d /s /c', 'better-npm-run dev' ]
12 silly lifecycle sparxo-app-react@0.0.1~dev: Returned: code: 3221225786  signal: null
13 info lifecycle sparxo-app-react@0.0.1~dev: Failed to exec dev script
14 verbose stack Error: sparxo-app-react@0.0.1 dev: `better-npm-run dev`
14 verbose stack Exit status 3221225786
14 verbose stack     at EventEmitter.<anonymous> (C:\Users\Nothing\AppData\Roaming\nvm\v6.8.0\node_modules\npm\lib\utils\lifecycle.js:255:16)
14 verbose stack     at emitTwo (events.js:106:13)
14 verbose stack     at EventEmitter.emit (events.js:191:7)
14 verbose stack     at ChildProcess.<anonymous> (C:\Users\Nothing\AppData\Roaming\nvm\v6.8.0\node_modules\npm\lib\utils\spawn.js:40:14)
14 verbose stack     at emitTwo (events.js:106:13)
14 verbose stack     at ChildProcess.emit (events.js:191:7)
14 verbose stack     at maybeClose (internal/child_process.js:877:16)
14 verbose stack     at Process.ChildProcess._handle.onexit (internal/child_process.js:226:5)
15 verbose pkgid sparxo-app-react@0.0.1
16 verbose cwd C:\Repos\SparxoShareMusic\web-server-v3
17 error Windows_NT 10.0.14393
18 error argv "C:\\Program Files\\nodejs\\node.exe" "C:\\Program Files\\nodejs\\node_modules\\npm\\bin\\npm-cli.js" "run" "dev"
19 error node v6.8.0
20 error npm  v3.10.8
21 error code ELIFECYCLE
22 error sparxo-app-react@0.0.1 dev: `better-npm-run dev`
22 error Exit status 3221225786
23 error Failed at the sparxo-app-react@0.0.1 dev script 'better-npm-run dev'.
23 error Make sure you have the latest version of node.js and npm installed.
23 error If you do, this is most likely a problem with the sparxo-app-react package,
23 error not with npm itself.
23 error Tell the author that this fails on your system:
23 error     better-npm-run dev
23 error You can get information on how to open an issue for this project with:
23 error     npm bugs sparxo-app-react
23 error Or if that isn't available, you can get their info via:
23 error     npm owner ls sparxo-app-react
23 error There is likely additional logging output above.
24 verbose exit [ 1, true ]
